Numba is using 12 threads.
['empirical_test.py', 'kmshare_mixture_4', '3', 'ciiu', 'mL_share']
Simulation Start
Model: kmshare_mixture_4
T: 3
Include CIIU: True
Dependent Variable: mL_share
  Column Name          Mean  Standard Deviation      Minimum       Maximum
0    mi_share      0.022539            0.086847     0.000000  9.757092e-01
1    mY_share      0.606599            0.144188     0.008572  1.274605e+00
2    mL_share      4.495650            4.891391     0.005548  5.541416e+01
3           K  18764.202055        66941.549419 -1000.000000  1.091070e+06
4           L    102.568827          201.074359     3.908544  2.985699e+03
  Column Name          Mean  Standard Deviation      Minimum        Maximum
0    mi_share      0.089924            0.186593     0.000000       0.998977
1    mY_share      0.579093            0.214742     0.041222       1.401209
2    mL_share      2.782062            3.323720     0.115734      46.710957
3           K  13617.773909        40872.909495 -1000.000000  413694.562500
4           L     86.667876          114.477280     7.352024     839.628967
  Column Name          Mean  Standard Deviation      Minimum        Maximum
0    mi_share      0.170753            0.241121     0.000000       1.000000
1    mY_share      0.564243            0.207142     0.011568       1.245137
2    mL_share      4.007905            5.291922     0.008655      58.350132
3           K  16286.981067        50097.313576 -1000.000000  676255.312500
4           L    108.895378          219.348007     9.203687    1781.524902
794
CounCountry: chile, Industry: Food products, Model: kmshare_mixture_4, M: 1, Time Taken: 5216.34 seconds, LR Stat: 1060.Country: chile, Industry: Food products, Model: kmshare_mixture_4, M: 2, Time Taken: 6004.79 seconds, LR Stat: 609.9103
Country: chile, Industry: Food products, Model: kmshare_mixture_4, M: 3, Time Taken: 7529.51 seconds, LR Stat: 386.0001
Country: chile, Industry: Food products, Model: kmshare_mixture_4, M: 4, Time Taken: 9364.30 seconds, LR Stat: 237.3121
Country: chile, Industry: Food products, Model: kmshare_mixture_4, M: 5, Time Taken: 11285.54 seconds, LR Stat: 116.5345
Country: chile, Industry: Food products, Model: kmshare_mixture_4, M: 6, Time Taken: 12052.54 seconds, LR Stat: 17.5881
Country: chile, Industry: Food products, Model: kmshare_mixture_4, M: 7, Time Taken: 71.12 seconds, LR Stat: -15.5454
Country: chile, Industry: Food products, Model: kmshare_mixture_4, M: 8, Time Taken: 83.69 seconds, LR Stat: 77.4067
Country: chile, Industry: Food products, Model: kmshare_mixture_4, M: 9, Time Taken: 105.30 seconds, LR Stat: 8.5738
Country: chile, Industry: Food products, Model: kmshare_mixture_4, M: 10, Time Taken: 109.64 seconds, LR Stat: 50.0659
chile Food products 51248.19290161133
['Chile', 'Food products', 'Kmshare_mixture_4', np.int64(7), np.int64(7), 6]
------------------------------
225
Country: chile, Industry: Fabricated metal products, Model: kmshare_mixture_4, M: 1, Time Taken: 651.07 seconds, LR Stat: 277.2583
Country: chile, Industry: Fabricated metal products, Model: kmshare_mixture_4, M: 2, Time Taken: 729.60 seconds, LR Stat: 158.0105
Country: chile, Industry: Fabricated metal products, Model: kmshare_mixture_4, M: 3, Time Taken: 1045.63 seconds, LR Stat: 65.2336
Country: chile, Industry: Fabricated metal products, Model: kmshare_mixture_4, M: 4, Time Taken: 1655.66 seconds, LR Stat: 40.2431
Country: chile, Industry: Fabricated metal products, Model: kmshare_mixture_4, M: 5, Time Taken: 1843.09 seconds, LR Stat: 22.9174
Country: chile, Industry: Fabricated metal products, Model: kmshare_mixture_4, M: 6, Time Taken: 12.30 seconds, LR Stat: 46.5405
Country: chile, Industry: Fabricated metal products, Model: kmshare_mixture_4, M: 7, Time Taken: 11.73 seconds, LR Stat: 26.1160
Country: chile, Industry: Fabricated metal products, Model: kmshare_mixture_4, M: 8, Time Taken: 13.84 seconds, LR Stat: 11.9910
Country: chile, Industry: Fabricated metal products, Model: kmshare_mixture_4, M: 9, Time Taken: 19.17 seconds, LR Stat: 9.4994
Country: chile, Industry: Fabricated metal products, Model: kmshare_mixture_4, M: 10, Time Taken: 16.23 seconds, LR Stat: 29.6015
chile Fabricated metal products 5998.362637281418
['Chile', 'Fabricated metal products', 'Kmshare_mixture_4', np.int64(5), np.int64(4), 5]
------------------------------
196
Country: chile, Industry: Textiles, Model: kmshare_mixture_4, M: 1, Time Taken: 322.50 seconds, LR Stat: 260.9912
Country: chile, Industry: Textiles, Model: kmshare_mixture_4, M: 2, Time Taken: 360.93 seconds, LR Stat: 169.9590
Country: chile, Industry: Textiles, Model: kmshare_mixture_4, M: 3, Time Taken: 763.46 seconds, LR Stat: 111.0506
Country: chile, Industry: Textiles, Model: kmshare_mixture_4, M: 4, Time Taken: 664.56 seconds, LR Stat: 115.2885
Country: chile, Industry: Textiles, Model: kmshare_mixture_4, M: 5, Time Taken: 1051.18 seconds, LR Stat: 35.5746
Country: chile, Industry: Textiles, Model: kmshare_mixture_4, M: 6, Time Taken: 4.66 seconds, LR Stat: 28.5447
Country: chile, Industry: Textiles, Model: kmshare_mixture_4, M: 7, Time Taken: 6.64 seconds, LR Stat: 21.7837
Country: chile, Industry: Textiles, Model: kmshare_mixture_4, M: 8, Time Taken: 10.77 seconds, LR Stat: 15.6020
Country: chile, Industry: Textiles, Model: kmshare_mixture_4, M: 9, Time Taken: 11.88 seconds, LR Stat: 21.7788
Country: chile, Industry: Textiles, Model: kmshare_mixture_4, M: 10, Time Taken: 11.62 seconds, LR Stat: 33.2854
chile Textiles 3208.2455401420593
['Chile', 'Textiles', 'Kmshare_mixture_4', np.int64(8), np.int64(5), 5]
------------------------------
--
