Numba is using 12 threads.
['empirical_test.py', 'plain_mixture', '3', 'no_ciiu', 'mL_share']
Simulation Start
Model: plain_mixture
T: 3
Include CIIU: False
Dependent Variable: mL_share
  Column Name          Mean  Standard Deviation      Minimum       Maximum
0    mi_share      0.022539            0.086847     0.000000  9.757092e-01
1    mY_share      0.606599            0.144188     0.008572  1.274605e+00
2    mL_share      4.495650            4.891391     0.005548  5.541416e+01
3           K  18764.202055        66941.549419 -1000.000000  1.091070e+06
4           L    102.568827          201.074359     3.908544  2.985699e+03
  Column Name          Mean  Standard Deviation      Minimum        Maximum
0    mi_share      0.089924            0.186593     0.000000       0.998977
1    mY_share      0.579093            0.214742     0.041222       1.401209
2    mL_share      2.782062            3.323720     0.115734      46.710957
3           K  13617.773909        40872.909495 -1000.000000  413694.562500
4           L     86.667876          114.477280     7.352024     839.628967
  Column Name          Mean  Standard Deviation      Minimum        Maximum
0    mi_share      0.170753            0.241121     0.000000       1.000000
1    mY_share      0.564243            0.207142     0.011568       1.245137
2    mL_share      4.007905            5.291922     0.008655      58.350132
3           K  16286.981067        50097.313576 -1000.000000  676255.312500
4           L    108.895378          219.348007     9.203687    1781.524902
794
Country: chile, Industry: Food products, Model: plain_mixture, M: 1, Time Taken: 1355.25 seconds, LR Stat: 1141.6143
Country: chile, Industry: Food products, Model: plain_mixture, M: 2, Time Taken: 1423.57 seconds, LR Stat: 532.2164
Country: chile, Industry: Food products, Model: plain_mixture, M: 3, Time Taken: 1418.11 seconds, LR Stat: 479.1503
Country: chile, Industry: Food products, Model: plain_mixture, M: 4, Time Taken: 2350.01 seconds, LR Stat: 197.7769
Country: chile, Industry: Food products, Model: plain_mixture, M: 5, Time Taken: 2762.18 seconds, LR Stat: 156.7345
Country: chile, Industry: Food products, Model: plain_mixture, M: 6, Time Taken: 3380.52 seconds, LR Stat: 58.1122
Country: chile, Industry: Food products, Model: plain_mixture, M: 7, Time Taken: 4424.22 seconds, LR Stat: 32.4670
Country: chile, Industry: Food products, Model: plain_mixture, M: 8, Time Taken: 4757.84 seconds, LR Stat: 32.6717
Country: chile, Industry: Food products, Model: plain_mixture, M: 9, Time Taken: 5407.95 seconds, LR Stat: 32.5366
Country: chile, Industry: Food products, Model: plain_mixture, M: 10, Time Taken: 5565.49 seconds, LR Stat: 32.3785
chile Food products 32845.19148468971
['Chile', 'Food products', 'Plain_mixture', 10, 10, -1]
------------------------------
225
Country: chile, Industry: Fabricated metal products, Model: plain_mixture, M: 1, Time Taken: 118.88 seconds, LR Stat: 282.7288
Country: chile, Industry: Fabricated metal products, Model: plain_mixture, M: 2, Time Taken: 141.55 seconds, LR Stat: 167.2834
Country: chile, Industry: Fabricated metal products, Model: plain_mixture, M: 3, Time Taken: 210.14 seconds, LR Stat: 81.6499
Country: chile, Industry: Fabricated metal products, Model: plain_mixture, M: 4, Time Taken: 306.86 seconds, LR Stat: 41.7802
Country: chile, Industry: Fabricated metal products, Model: plain_mixture, M: 5, Time Taken: 363.16 seconds, LR Stat: 24.3680
Country: chile, Industry: Fabricated metal products, Model: plain_mixture, M: 6, Time Taken: 505.93 seconds, LR Stat: 19.7798
Country: chile, Industry: Fabricated metal products, Model: plain_mixture, M: 7, Time Taken: 609.86 seconds, LR Stat: 10.0079
Country: chile, Industry: Fabricated metal products, Model: plain_mixture, M: 8, Time Taken: 4.01 seconds, LR Stat: 13.1357
Country: chile, Industry: Fabricated metal products, Model: plain_mixture, M: 9, Time Taken: 6.06 seconds, LR Stat: 12.6503
Country: chile, Industry: Fabricated metal products, Model: plain_mixture, M: 10, Time Taken: 4.97 seconds, LR Stat: 9.0098
chile Fabricated metal products 2271.4526546001434
['Chile', 'Fabricated metal products', 'Plain_mixture', 10, np.int64(7), 7]
------------------------------
196
Country: chile, Industry: Textiles, Model: plain_mixture, M: 1, Time Taken: 85.12 seconds, LR Stat: 281.7036
Country: chile, Industry: Textiles, Model: plain_mixture, M: 2, Time Taken: 83.60 seconds, LR Stat: 127.7333
Country: chile, Industry: Textiles, Model: plain_mixture, M: 3, Time Taken: 153.04 seconds, LR Stat: 122.2369
Country: chile, Industry: Textiles, Model: plain_mixture, M: 4, Time Taken: 211.03 seconds, LR Stat: 85.2818
Country: chile, Industry: Textiles, Model: plain_mixture, M: 5, Time Taken: 302.39 seconds, LR Stat: 52.4764
Country: chile, Industry: Textiles, Model: plain_mixture, M: 6, Time Taken: 388.92 seconds, LR Stat: 11.9361
Country: chile, Industry: Textiles, Model: plain_mixture, M: 7, Time Taken: 2.64 seconds, LR Stat: 25.0716
Country: chile, Industry: Textiles, Model: plain_mixture, M: 8, Time Taken: 4.22 seconds, LR Stat: 10.2112
Country: chile, Industry: Textiles, Model: plain_mixture, M: 9, Time Taken: 3.88 seconds, LR Stat: 12.4667
Country: chile, Industry: Textiles, Model: plain_mixture, M: 10, Time Taken: 4.71 seconds, LR Stat: 2.2659
chile Textiles 1239.5661175251007
['Chile', 'Textiles', 'Plain_mixture', np.int64(8), np.int64(6), 6]
------------------------------
