Numba is using 12 threads.
['empirical_test.py', 'kmshare_mixture', '3', 'no_ciiu', 'mL_share']
Simulation Start
Model: kmshare_mixture
T: 3
Include CIIU: False
Dependent Variable: mL_share
  Column Name          Mean  Standard Deviation      Minimum       Maximum
0    mi_share      0.022539            0.086847     0.000000  9.757092e-01
1    mY_share      0.606599            0.144188     0.008572  1.274605e+00
2    mL_share      4.495650            4.891391     0.005548  5.541416e+01
3           K  18764.202055        66941.549419 -1000.000000  1.091070e+06
4           L    102.568827          201.074359     3.908544  2.985699e+03
  Column Name          Mean  Standard Deviation      Minimum        Maximum
0    mi_share      0.089924            0.186593     0.000000       0.998977
1    mY_share      0.579093            0.214742     0.041222       1.401209
2    mL_share      2.782062            3.323720     0.115734      46.710957
3           K  13617.773909        40872.909495 -1000.000000  413694.562500
4           L     86.667876          114.477280     7.352024     839.628967
  Column Name          Mean  Standard Deviation      Minimum        Maximum
0    mi_share      0.170753            0.241121     0.000000       1.000000
1    mY_share      0.564243            0.207142     0.011568       1.245137
2    mL_share      4.007905            5.291922     0.008655      58.350132
3           K  16286.981067        50097.313576 -1000.000000  676255.312500
4           L    108.895378          219.348007     9.203687    1781.524902
CounCountry: chile, Industry: Food products, Model: kmshare_mixture, M: 1, Time Taken: 3099.39 seconds, LR Stat: 1011.Country: chile, Industry: Food products, Model: kmshare_mixture, M: 2, Time Taken: 4641.74 seconds, LR Stat: 660.2140
Country: chile, Industry: Food products, Model: kmshare_mixture, M: 3, Time Taken: 5433.71 seconds, LR Stat: 357.3751
Country: chile, Industry: Food products, Model: kmshare_mixture, M: 4, Time Taken: 7302.66 seconds, LR Stat: 243.4259
Country: chile, Industry: Food products, Model: kmshare_mixture, M: 5, Time Taken: 8878.08 seconds, LR Stat: 125.8689
Country: chile, Industry: Food products, Model: kmshare_mixture, M: 6, Time Taken: 10409.80 seconds, LR Stat: 64.1575
Country: chile, Industry: Food products, Model: kmshare_mixture, M: 7, Time Taken: 10617.51 seconds, LR Stat: 57.1558
Country: chile, Industry: Food products, Model: kmshare_mixture, M: 8, Time Taken: 7885.06 seconds, LR Stat: 12.6488
Country: chile, Industry: Food products, Model: kmshare_mixture, M: 9, Time Taken: 40.65 seconds, LR Stat: 42.0283
Country: chile, Industry: Food products, Model: kmshare_mixture, M: 10, Time Taken: 59.80 seconds, LR Stat: 27.1938
chile Food products 58290.485129117966
['Chile', 'Food products', 'Kmshare_mixture', 10, np.int64(7), 8]
------------------------------
225
Country: chile, Industry: Fabricated metal products, Model: kmshare_mixture, M: 1, Time Taken: 330.24 seconds, LR Stat: 277.2584
Country: chile, Industry: Fabricated metal products, Model: kmshare_mixture, M: 2, Time Taken: 336.87 seconds, LR Stat: 151.5267
Country: chile, Industry: Fabricated metal products, Model: kmshare_mixture, M: 3, Time Taken: 479.36 seconds, LR Stat: 67.7858
Country: chile, Industry: Fabricated metal products, Model: kmshare_mixture, M: 4, Time Taken: 759.98 seconds, LR Stat: 54.5238
Country: chile, Industry: Fabricated metal products, Model: kmshare_mixture, M: 5, Time Taken: 919.67 seconds, LR Stat: 39.1750
Country: chile, Industry: Fabricated metal products, Model: kmshare_mixture, M: 6, Time Taken: 1199.73 seconds, LR Stat: 10.6279
Country: chile, Industry: Fabricated metal products, Model: kmshare_mixture, M: 7, Time Taken: 7.92 seconds, LR Stat: 8.8663
Country: chile, Industry: Fabricated metal products, Model: kmshare_mixture, M: 8, Time Taken: 8.42 seconds, LR Stat: 4.5149
Country: chile, Industry: Fabricated metal products, Model: kmshare_mixture, M: 9, Time Taken: 8.31 seconds, LR Stat: -2.4168
Country: chile, Industry: Fabricated metal products, Model: kmshare_mixture, M: 10, Time Taken: 12.16 seconds, LR Stat: 43.2395
chile Fabricated metal products 4062.7046225070953
['Chile', 'Fabricated metal products', 'Kmshare_mixture', np.int64(9), np.int64(4), 6]
------------------------------
196
Country: chile, Industry: Textiles, Model: kmshare_mixture, M: 1, Time Taken: 147.36 seconds, LR Stat: 261.0091
Country: chile, Industry: Textiles, Model: kmshare_mixture, M: 2, Time Taken: 157.56 seconds, LR Stat: 157.7733
Country: chile, Industry: Textiles, Model: kmshare_mixture, M: 3, Time Taken: 384.26 seconds, LR Stat: 96.3027
Country: chile, Industry: Textiles, Model: kmshare_mixture, M: 4, Time Taken: 342.57 seconds, LR Stat: 97.9548
Country: chile, Industry: Textiles, Model: kmshare_mixture, M: 5, Time Taken: 965.79 seconds, LR Stat: 54.9772
Country: chile, Industry: Textiles, Model: kmshare_mixture, M: 6, Time Taken: 3.08 seconds, LR Stat: 51.4848
Country: chile, Industry: Textiles, Model: kmshare_mixture, M: 7, Time Taken: 3.60 seconds, LR Stat: 21.4699
Country: chile, Industry: Textiles, Model: kmshare_mixture, M: 8, Time Taken: 5.00 seconds, LR Stat: 9.3563
Country: chile, Industry: Textiles, Model: kmshare_mixture, M: 9, Time Taken: 5.16 seconds, LR Stat: 25.8146
Country: chile, Industry: Textiles, Model: kmshare_mixture, M: 10, Time Taken: 7.88 seconds, LR Stat: 4.2497
chile Textiles 2022.2942283153534
['Chile', 'Textiles', 'Kmshare_mixture', np.int64(8), np.int64(8), 5]
------------------------------
----------
