Numba is using 12 threads.
['empirical_test.py', 'ar1_k_mixture_3', '3', 'ciiu', 'mY_share']
Simulation Start
Model: ar1_k_mixture_3
T: 3
Include CIIU: True
Dependent Variable: mY_share
  Column Name          Mean  Standard Deviation      Minimum       Maximum
0    mi_share      0.022539            0.086847     0.000000  9.757092e-01
1    mY_share      0.606599            0.144188     0.008572  1.274605e+00
2    mL_share      4.495650            4.891391     0.005548  5.541416e+01
3           K  18764.202055        66941.549419 -1000.000000  1.091070e+06
4           L    102.568827          201.074359     3.908544  2.985699e+03
  Column Name          Mean  Standard Deviation      Minimum        Maximum
0    mi_share      0.089924            0.186593     0.000000       0.998977
1    mY_share      0.579093            0.214742     0.041222       1.401209
2    mL_share      2.782062            3.323720     0.115734      46.710957
3           K  13617.773909        40872.909495 -1000.000000  413694.562500
4           L     86.667876          114.477280     7.352024     839.628967
  Column Name          Mean  Standard Deviation      Minimum        Maximum
0    mi_share      0.170753            0.241121     0.000000       1.000000
1    mY_share      0.564243            0.207142     0.011568       1.245137
2    mL_share      4.007905            5.291922     0.008655      58.350132
3           K  16286.981067        50097.313576 -1000.000000  676255.312500
4           L    108.895378          219.348007     9.203687    1781.524902
794
Country: chile, Industry: Food products, Model: ar1_k_mixture_3, M: 1, Time Taken: 9070.28 seconds, LR Stat: 51251.8219
Country: chile, Industry: Food products, Model: ar1_k_mixture_3, M: 2, Time Taken: 20409.56 seconds, LR Stat: 3051.1626
Country: chile, Industry: Food products, Model: ar1_k_mixture_3, M: 3, Time Taken: 176.93 seconds, LR Stat: 15429.3885
Country: chile, Industry: Food products, Model: ar1_k_mixture_3, M: 4, Time Taken: 261.26 seconds, LR Stat: 36.0752
Country: chile, Industry: Food products, Model: ar1_k_mixture_3, M: 5, Time Taken: 364.78 seconds, LR Stat: 24.7951
Country: chile, Industry: Food products, Model: ar1_k_mixture_3, M: 6, Time Taken: 491.88 seconds, LR Stat: 4.7284
Country: chile, Industry: Food products, Model: ar1_k_mixture_3, M: 7, Time Taken: 713.02 seconds, LR Stat: 22.0434
Country: chile, Industry: Food products, Model: ar1_k_mixture_3, M: 8, Time Taken: 887.19 seconds, LR Stat: 24.8445
Country: chile, Industry: Food products, Model: ar1_k_mixture_3, M: 9, Time Taken: 1140.63 seconds, LR Stat: 16.9236
Country: chile, Industry: Food products, Model: ar1_k_mixture_3, M: 10, Time Taken: 1417.45 seconds, LR Stat: 17.7070
chile Food products 34933.054562330246
['Chile', 'Food products', 'Ar1_k_mixture_3', np.int64(2), np.int64(2), 2]
------------------------------
225
Country: chile, Industry: Fabricated metal products, Model: ar1_k_mixture_3, M: 1, Time Taken: 3020.12 seconds, LR Stat: 118.7317
Country: chile, Industry: Fabricated metal products, Model: ar1_k_mixture_3, M: 2, Time Taken: 5113.27 seconds, LR Stat: 40.7987
Country: chile, Industry: Fabricated metal products, Model: ar1_k_mixture_3, M: 3, Time Taken: 45.96 seconds, LR Stat: 29.1796
Country: chile, Industry: Fabricated metal products, Model: ar1_k_mixture_3, M: 4, Time Taken: 76.11 seconds, LR Stat: 28.6773
Country: chile, Industry: Fabricated metal products, Model: ar1_k_mixture_3, M: 5, Time Taken: 111.32 seconds, LR Stat: 59.2881
Country: chile, Industry: Fabricated metal products, Model: ar1_k_mixture_3, M: 6, Time Taken: 148.81 seconds, LR Stat: 17.1976
Country: chile, Industry: Fabricated metal products, Model: ar1_k_mixture_3, M: 7, Time Taken: 198.06 seconds, LR Stat: 48.7271
Country: chile, Industry: Fabricated metal products, Model: ar1_k_mixture_3, M: 8, Time Taken: 263.10 seconds, LR Stat: 26.1196
Country: chile, Industry: Fabricated metal products, Model: ar1_k_mixture_3, M: 9, Time Taken: 328.40 seconds, LR Stat: 15.6350
Country: chile, Industry: Fabricated metal products, Model: ar1_k_mixture_3, M: 10, Time Taken: 452.18 seconds, LR Stat: -16.0735
chile Fabricated metal products 9757.47620344162
['Chile', 'Fabricated metal products', 'Ar1_k_mixture_3', np.int64(4), np.int64(2), 2]
------------------------------
196
Country: chile, Industry: Textiles, Model: ar1_k_mixture_3, M: 1, Time Taken: 2536.30 seconds, LR Stat: 196.1367
Country: chile, Industry: Textiles, Model: ar1_k_mixture_3, M: 2, Time Taken: 4747.02 seconds, LR Stat: 179.7356
Country: chile, Industry: Textiles, Model: ar1_k_mixture_3, M: 3, Time Taken: 7362.37 seconds, LR Stat: 21.0799
Country: chile, Industry: Textiles, Model: ar1_k_mixture_3, M: 4, Time Taken: 64.77 seconds, LR Stat: 34.5174
Country: chile, Industry: Textiles, Model: ar1_k_mixture_3, M: 5, Time Taken: 96.52 seconds, LR Stat: 17.2016
Country: chile, Industry: Textiles, Model: ar1_k_mixture_3, M: 6, Time Taken: 132.27 seconds, LR Stat: -5.5153
Country: chile, Industry: Textiles, Model: ar1_k_mixture_3, M: 7, Time Taken: 190.15 seconds, LR Stat: 13.4892
Country: chile, Industry: Textiles, Model: ar1_k_mixture_3, M: 8, Time Taken: 240.26 seconds, LR Stat: 63.3277
Country: chile, Industry: Textiles, Model: ar1_k_mixture_3, M: 9, Time Taken: 305.02 seconds, LR Stat: -41.6137
Country: chile, Industry: Textiles, Model: ar1_k_mixture_3, M: 10, Time Taken: 434.13 seconds, LR Stat: -3.3220
chile Textiles 16108.888942956924
['Chile', 'Textiles', 'Ar1_k_mixture_3', np.int64(3), np.int64(3), 3]
------------------------------
