Numba is using 12 threads.
['empirical_test.py', 'ar1_plain_mixture_3', '3', 'no_ciiu', 'mL_share']
Simulation Start
Model: ar1_plain_mixture_3
T: 3
Include CIIU: False
Dependent Variable: mL_share
  Column Name          Mean  Standard Deviation      Minimum       Maximum
0    mi_share      0.022539            0.086847     0.000000  9.757092e-01
1    mY_share      0.606599            0.144188     0.008572  1.274605e+00
2    mL_share      4.495650            4.891391     0.005548  5.541416e+01
3           K  18764.202055        66941.549419 -1000.000000  1.091070e+06
4           L    102.568827          201.074359     3.908544  2.985699e+03
  Column Name          Mean  Standard Deviation      Minimum        Maximum
0    mi_share      0.089924            0.186593     0.000000       0.998977
1    mY_share      0.579093            0.214742     0.041222       1.401209
2    mL_share      2.782062            3.323720     0.115734      46.710957
3           K  13617.773909        40872.909495 -1000.000000  413694.562500
4           L     86.667876          114.477280     7.352024     839.628967
  Column Name          Mean  Standard Deviation      Minimum        Maximum
0    mi_share      0.170753            0.241121     0.000000       1.000000
1    mY_share      0.564243            0.207142     0.011568       1.245137
2    mL_share      4.007905            5.291922     0.008655      58.350132
3           K  16286.981067        50097.313576 -1000.000000  676255.312500
4           L    108.895378          219.348007     9.203687    1781.524902
794
Country: chile, Industry: Food products, Model: ar1_plain_mixture_3, M: 1, Time Taken: 13671.43 seconds, LR Stat: 983.0283
Country: chile, Industry: Food products, Model: ar1_plain_mixture_3, M: 2, Time Taken: 26329.38 seconds, LR Stat: 39.7367
Country: chile, Industry: Food products, Model: ar1_plain_mixture_3, M: 3, Time Taken: 133.44 seconds, LR Stat: 156.7272
Country: chile, Industry: Food products, Model: ar1_plain_mixture_3, M: 4, Time Taken: 216.11 seconds, LR Stat: 4.3993
Country: chile, Industry: Food products, Model: ar1_plain_mixture_3, M: 5, Time Taken: 267.11 seconds, LR Stat: 14.2111
Country: chile, Industry: Food products, Model: ar1_plain_mixture_3, M: 6, Time Taken: 367.42 seconds, LR Stat: 15.7551
Country: chile, Industry: Food products, Model: ar1_plain_mixture_3, M: 7, Time Taken: 454.05 seconds, LR Stat: 16.1729
Country: chile, Industry: Food products, Model: ar1_plain_mixture_3, M: 8, Time Taken: 612.29 seconds, LR Stat: 10.5100
Country: chile, Industry: Food products, Model: ar1_plain_mixture_3, M: 9, Time Taken: 756.45 seconds, LR Stat: 2.1955
Country: chile, Industry: Food products, Model: ar1_plain_mixture_3, M: 10, Time Taken: 900.39 seconds, LR Stat: -7.2206
chile Food products 43708.153250694275
['Chile', 'Food products', 'Ar1_plain_mixture_3', np.int64(2), np.int64(2), 2]
------------------------------
225
Country: chile, Industry: Fabricated metal products, Model: ar1_plain_mixture_3, M: 1, Time Taken: 2594.04 seconds, LR Stat: 58.1020
Country: chile, Industry: Fabricated metal products, Model: ar1_plain_mixture_3, M: 2, Time Taken: 16.07 seconds, LR Stat: 26.7942
Country: chile, Industry: Fabricated metal products, Model: ar1_plain_mixture_3, M: 3, Time Taken: 30.15 seconds, LR Stat: 12.7051
Country: chile, Industry: Fabricated metal products, Model: ar1_plain_mixture_3, M: 4, Time Taken: 43.51 seconds, LR Stat: 7.8193
Country: chile, Industry: Fabricated metal products, Model: ar1_plain_mixture_3, M: 5, Time Taken: 65.95 seconds, LR Stat: 6.9137
Country: chile, Industry: Fabricated metal products, Model: ar1_plain_mixture_3, M: 6, Time Taken: 72.30 seconds, LR Stat: 26.4716
Country: chile, Industry: Fabricated metal products, Model: ar1_plain_mixture_3, M: 7, Time Taken: 93.87 seconds, LR Stat: 8.5439
Country: chile, Industry: Fabricated metal products, Model: ar1_plain_mixture_3, M: 8, Time Taken: 116.65 seconds, LR Stat: 4.8755
Country: chile, Industry: Fabricated metal products, Model: ar1_plain_mixture_3, M: 9, Time Taken: 159.90 seconds, LR Stat: 11.6502
Country: chile, Industry: Fabricated metal products, Model: ar1_plain_mixture_3, M: 10, Time Taken: 184.15 seconds, LR Stat: 24.2275
chile Fabricated metal products 3376.634293794632
['Chile', 'Fabricated metal products', 'Ar1_plain_mixture_3', np.int64(4), np.int64(2), 1]
------------------------------
196
Country: chile, Industry: Textiles, Model: ar1_plain_mixture_3, M: 1, Time Taken: 1991.34 seconds, LR Stat: 94.1642
Country: chile, Industry: Textiles, Model: ar1_plain_mixture_3, M: 2, Time Taken: 8.65 seconds, LR Stat: 17.0714
Country: chile, Industry: Textiles, Model: ar1_plain_mixture_3, M: 3, Time Taken: 15.96 seconds, LR Stat: 25.6793
Country: chile, Industry: Textiles, Model: ar1_plain_mixture_3, M: 4, Time Taken: 27.35 seconds, LR Stat: 48.6479
Country: chile, Industry: Textiles, Model: ar1_plain_mixture_3, M: 5, Time Taken: 38.80 seconds, LR Stat: 15.1670
Country: chile, Industry: Textiles, Model: ar1_plain_mixture_3, M: 6, Time Taken: 42.24 seconds, LR Stat: -8.1653
Country: chile, Industry: Textiles, Model: ar1_plain_mixture_3, M: 7, Time Taken: 66.82 seconds, LR Stat: 7.7207
Country: chile, Industry: Textiles, Model: ar1_plain_mixture_3, M: 8, Time Taken: 81.71 seconds, LR Stat: 20.8495
Country: chile, Industry: Textiles, Model: ar1_plain_mixture_3, M: 9, Time Taken: 87.17 seconds, LR Stat: 15.3251
Country: chile, Industry: Textiles, Model: ar1_plain_mixture_3, M: 10, Time Taken: 117.49 seconds, LR Stat: 4.9857
chile Textiles 2477.547242641449
['Chile', 'Textiles', 'Ar1_plain_mixture_3', np.int64(2), np.int64(2), 1]
------------------------------
