Numba is using 12 threads.
['empirical_test.py', 'ar1_plain_mixture']
Simulation Start
Model: ar1_plain_mixture
Country: chile, Industry: Food products, Model: ar1_plain_mixture, M: 1, Time Taken: 6951.48 seconds, LR Stat: 627.2134
Country: chile, Industry: Food products, Model: ar1_plain_mixture, M: 2, Time Taken: 10131.65 seconds, LR Stat: 111.2443
Country: chile, Industry: Food products, Model: ar1_plain_mixture, M: 3, Time Taken: 79.96 seconds, LR Stat: 15.4999
Country: chile, Industry: Food products, Model: ar1_plain_mixture, M: 4, Time Taken: 109.07 seconds, LR Stat: 11.4481
Country: chile, Industry: Food products, Model: ar1_plain_mixture, M: 5, Time Taken: 133.70 seconds, LR Stat: -7.1909
Country: chile, Industry: Food products, Model: ar1_plain_mixture, M: 6, Time Taken: 158.19 seconds, LR Stat: 7.0260
Country: chile, Industry: Food products, Model: ar1_plain_mixture, M: 7, Time Taken: 187.94 seconds, LR Stat: -54.2052
Country: chile, Industry: Food products, Model: ar1_plain_mixture, M: 8, Time Taken: 207.14 seconds, LR Stat: -62.5972
Country: chile, Industry: Food products, Model: ar1_plain_mixture, M: 9, Time Taken: 291.09 seconds, LR Stat: 11.0180
Country: chile, Industry: Food products, Model: ar1_plain_mixture, M: 10, Time Taken: 287.14 seconds, LR Stat: -24.9984
chile Food products 18537.466973543167
['Chile', 'Food products', 'Ar1_plain_mixture', np.int64(7), np.int64(4), 2]
------------------------------
Country: chile, Industry: Fabricated metal products, Model: ar1_plain_mixture, M: 1, Time Taken: 1865.99 seconds, LR Stat: 139.2529
Country: chile, Industry: Fabricated metal products, Model: ar1_plain_mixture, M: 2, Time Taken: 3132.53 seconds, LR Stat: 15.4197
Country: chile, Industry: Fabricated metal products, Model: ar1_plain_mixture, M: 3, Time Taken: 22.38 seconds, LR Stat: 8.0511
Country: chile, Industry: Fabricated metal products, Model: ar1_plain_mixture, M: 4, Time Taken: 31.29 seconds, LR Stat: -0.3382
Country: chile, Industry: Fabricated metal products, Model: ar1_plain_mixture, M: 5, Time Taken: 37.39 seconds, LR Stat: -23.4272
Country: chile, Industry: Fabricated metal products, Model: ar1_plain_mixture, M: 6, Time Taken: 40.09 seconds, LR Stat: 3.3608
Country: chile, Industry: Fabricated metal products, Model: ar1_plain_mixture, M: 7, Time Taken: 51.85 seconds, LR Stat: 17.6603
Country: chile, Industry: Fabricated metal products, Model: ar1_plain_mixture, M: 8, Time Taken: 57.14 seconds, LR Stat: 34.0342
Country: chile, Industry: Fabricated metal products, Model: ar1_plain_mixture, M: 9, Time Taken: 59.95 seconds, LR Stat: -45.0730
Country: chile, Industry: Fabricated metal products, Model: ar1_plain_mixture, M: 10, Time Taken: 69.38 seconds, LR Stat: 4.0267
chile Fabricated metal products 5368.00706076622
['Chile', 'Fabricated metal products', 'Ar1_plain_mixture', np.int64(5), np.int64(2), 2]
------------------------------
Country: chile, Industry: Textiles, Model: ar1_plain_mixture, M: 1, Time Taken: 1455.46 seconds, LR Stat: 52.5948
Country: chile, Industry: Textiles, Model: ar1_plain_mixture, M: 2, Time Taken: 2792.27 seconds, LR Stat: 14.0933
Country: chile, Industry: Textiles, Model: ar1_plain_mixture, M: 3, Time Taken: 24.56 seconds, LR Stat: 14.9112
Country: chile, Industry: Textiles, Model: ar1_plain_mixture, M: 4, Time Taken: 28.90 seconds, LR Stat: 12.7551
Country: chile, Industry: Textiles, Model: ar1_plain_mixture, M: 5, Time Taken: 30.06 seconds, LR Stat: -3.1296
Country: chile, Industry: Textiles, Model: ar1_plain_mixture, M: 6, Time Taken: 35.14 seconds, LR Stat: -9.6381
Country: chile, Industry: Textiles, Model: ar1_plain_mixture, M: 7, Time Taken: 40.10 seconds, LR Stat: -22.4675
Country: chile, Industry: Textiles, Model: ar1_plain_mixture, M: 8, Time Taken: 43.01 seconds, LR Stat: 11.3681
Country: chile, Industry: Textiles, Model: ar1_plain_mixture, M: 9, Time Taken: 47.57 seconds, LR Stat: -19.1179
Country: chile, Industry: Textiles, Model: ar1_plain_mixture, M: 10, Time Taken: 46.42 seconds, LR Stat: 6.4593
chile Textiles 4543.516667366028
['Chile', 'Textiles', 'Ar1_plain_mixture', np.int64(4), np.int64(2), 2]
------------------------------
